<?xml version="1.0" encoding="UTF-8"?>
<testsuite name="com.library.model.BookTest" tests="12" skipped="0" failures="0" errors="0" timestamp="2026-03-13T08:59:36" hostname="codespaces-ff90c6" time="0.047">
  <properties/>
  <testcase name="shouldBeEqualWhenIsbnIsSame()" classname="com.library.model.BookTest" time="0.003"/>
  <testcase name="shouldNotBeEqualToNull()" classname="com.library.model.BookTest" time="0.0"/>
  <testcase name="shouldNotBeEqualToDifferentType()" classname="com.library.model.BookTest" time="0.002"/>
  <testcase name="[1] title=Clean Code, author=Robert Martin, year=2008, isbn=978-0132350884" classname="com.library.model.BookTest" time="0.006"/>
  <testcase name="[2] title=Effective Java, author=Joshua Bloch, year=2018, isbn=978-0134685991" classname="com.library.model.BookTest" time="0.001"/>
  <testcase name="[3] title=Java Concurrency, author=Joshua Bloch, year=2006, isbn=978-0321349606" classname="com.library.model.BookTest" time="0.001"/>
  <testcase name="shouldReturnCorrectToString()" classname="com.library.model.BookTest" time="0.005"/>
  <testcase name="shouldCreateBookWithAllFields()" classname="com.library.model.BookTest" time="0.001"/>
  <testcase name="shouldHaveDifferentHashCodeWhenIsbnIsDifferent()" classname="com.library.model.BookTest" time="0.001"/>
  <testcase name="shouldNotBeEqualWhenIsbnIsDifferent()" classname="com.library.model.BookTest" time="0.001"/>
  <testcase name="shouldHaveImmutableIsbn()" classname="com.library.model.BookTest" time="0.0"/>
  <testcase name="shouldHaveSameHashCodeWhenIsbnIsSame()" classname="com.library.model.BookTest" time="0.001"/>
  <system-out><![CDATA[]]></system-out>
  <system-err><![CDATA[]]></system-err>
</testsuite>
